{"uid":"1929a0ba91afbfc2","name":"LogoutUser","fullName":"testcases.TestAuthorPage.LogoutUser","historyId":"9d9581066981bdf9abd559b82b5e5662","time":{"start":1742666847549,"stop":1742666847556,"duration":7},"status":"broken","statusMessage":"no such element: Unable to locate element: {\"method\":\"xpath\",\"selector\":\"//a[contains(text(),'লগআউট')]\"}\n  (Session info: chrome=134.0.6998.119)\nFor documentation on this error, please visit: https://www.selenium.dev/documentation/webdriver/troubleshooting/errors#no-such-element-exception\nBuild info: version: '4.29.0', revision: '5fc1ec94cb'\nSystem info: os.name: 'Windows 11', os.arch: 'amd64', os.version: '10.0', java.version: '23.0.1'\nDriver info: org.openqa.selenium.chrome.ChromeDriver\nCommand: [e738ac637bf55cda5884f88b8852ffaf, findElement {using=xpath, value=//a[contains(text(),'লগআউট')]}]\nCapabilities {acceptInsecureCerts: false, browserName: chrome, browserVersion: 134.0.6998.119, chrome: {chromedriverVersion: 134.0.6998.165 (fd886e2cb29..., userDataDir: C:\\Users\\User\\AppData\\Local...}, fedcm:accounts: true, goog:chromeOptions: {debuggerAddress: localhost:61253}, networkConnectionEnabled: false, pageLoadStrategy: normal, platformName: windows, proxy: Proxy(), se:cdp: ws://localhost:61253/devtoo..., se:cdpVersion: 134.0.6998.119, setWindowRect: true, strictFileInteractability: false, timeouts: {implicit: 0, pageLoad: 300000, script: 30000}, unhandledPromptBehavior: dismiss and notify, webauthn:extension:credBlob: true, webauthn:extension:largeBlob: true, webauthn:extension:minPinLength: true, webauthn:extension:prf: true, webauthn:virtualAuthenticators: true}\nSession ID: e738ac637bf55cda5884f88b8852ffaf","statusTrace":"org.openqa.selenium.NoSuchElementException: no such element: Unable to locate element: {\"method\":\"xpath\",\"selector\":\"//a[contains(text(),'লগআউট')]\"}\n  (Session info: chrome=134.0.6998.119)\nFor documentation on this error, please visit: https://www.selenium.dev/documentation/webdriver/troubleshooting/errors#no-such-element-exception\nBuild info: version: '4.29.0', revision: '5fc1ec94cb'\nSystem info: os.name: 'Windows 11', os.arch: 'amd64', os.version: '10.0', java.version: '23.0.1'\nDriver info: org.openqa.selenium.chrome.ChromeDriver\nCommand: [e738ac637bf55cda5884f88b8852ffaf, findElement {using=xpath, value=//a[contains(text(),'লগআউট')]}]\nCapabilities {acceptInsecureCerts: false, browserName: chrome, browserVersion: 134.0.6998.119, chrome: {chromedriverVersion: 134.0.6998.165 (fd886e2cb29..., userDataDir: C:\\Users\\User\\AppData\\Local...}, fedcm:accounts: true, goog:chromeOptions: {debuggerAddress: localhost:61253}, networkConnectionEnabled: false, pageLoadStrategy: normal, platformName: windows, proxy: Proxy(), se:cdp: ws://localhost:61253/devtoo..., se:cdpVersion: 134.0.6998.119, setWindowRect: true, strictFileInteractability: false, timeouts: {implicit: 0, pageLoad: 300000, script: 30000}, unhandledPromptBehavior: dismiss and notify, webauthn:extension:credBlob: true, webauthn:extension:largeBlob: true, webauthn:extension:minPinLength: true, webauthn:extension:prf: true, webauthn:virtualAuthenticators: true}\nSession ID: e738ac637bf55cda5884f88b8852ffaf\r\n\tat java.base/jdk.internal.reflect.DirectConstructorHandleAccessor.newInstance(DirectConstructorHandleAccessor.java:62)\r\n\tat java.base/java.lang.reflect.Constructor.newInstanceWithCaller(Constructor.java:501)\r\n\tat java.base/java.lang.reflect.Constructor.newInstance(Constructor.java:485)\r\n\tat org.openqa.selenium.remote.ErrorCodec.decode(ErrorCodec.java:167)\r\n\tat org.openqa.selenium.remote.codec.w3c.W3CHttpResponseCodec.decode(W3CHttpResponseCodec.java:138)\r\n\tat org.openqa.selenium.remote.codec.w3c.W3CHttpResponseCodec.decode(W3CHttpResponseCodec.java:50)\r\n\tat org.openqa.selenium.remote.HttpCommandExecutor.execute(HttpCommandExecutor.java:215)\r\n\tat org.openqa.selenium.remote.service.DriverCommandExecutor.invokeExecute(DriverCommandExecutor.java:216)\r\n\tat org.openqa.selenium.remote.service.DriverCommandExecutor.execute(DriverCommandExecutor.java:174)\r\n\tat org.openqa.selenium.remote.RemoteWebDriver.execute(RemoteWebDriver.java:545)\r\n\tat org.openqa.selenium.remote.ElementLocation$ElementFinder$2.findElement(ElementLocation.java:165)\r\n\tat org.openqa.selenium.remote.ElementLocation.findElement(ElementLocation.java:59)\r\n\tat org.openqa.selenium.remote.RemoteWebDriver.findElement(RemoteWebDriver.java:368)\r\n\tat org.openqa.selenium.remote.RemoteWebDriver.findElement(RemoteWebDriver.java:362)\r\n\tat pages.BasePage.getElement(BasePage.java:14)\r\n\tat testcases.TestAuthorPage.LogoutUser(TestAuthorPage.java:26)\r\n\tat java.base/jdk.internal.reflect.DirectMethodHandleAccessor.invoke(DirectMethodHandleAccessor.java:103)\r\n\tat java.base/java.lang.reflect.Method.invoke(Method.java:580)\r\n\tat org.testng.internal.invokers.MethodInvocationHelper.invokeMethod(MethodInvocationHelper.java:141)\r\n\tat org.testng.internal.invokers.MethodInvocationHelper.invokeMethodConsideringTimeout(MethodInvocationHelper.java:71)\r\n\tat org.testng.internal.invokers.ConfigInvoker.invokeConfigurationMethod(ConfigInvoker.java:400)\r\n\tat org.testng.internal.invokers.ConfigInvoker.invokeConfigurations(ConfigInvoker.java:333)\r\n\tat org.testng.internal.invokers.TestMethodWorker.invokeAfterClassConfigurations(TestMethodWorker.java:238)\r\n\tat org.testng.internal.invokers.TestMethodWorker.invokeAfterClassMethods(TestMethodWorker.java:223)\r\n\tat org.testng.internal.invokers.TestMethodWorker.run(TestMethodWorker.java:137)\r\n\tat java.base/java.util.ArrayList.forEach(ArrayList.java:1597)\r\n\tat org.testng.TestRunner.privateRun(TestRunner.java:741)\r\n\tat org.testng.TestRunner.run(TestRunner.java:616)\r\n\tat org.testng.SuiteRunner.runTest(SuiteRunner.java:421)\r\n\tat org.testng.SuiteRunner.runSequentially(SuiteRunner.java:413)\r\n\tat org.testng.SuiteRunner.privateRun(SuiteRunner.java:373)\r\n\tat org.testng.SuiteRunner.run(SuiteRunner.java:312)\r\n\tat org.testng.SuiteRunnerWorker.runSuite(SuiteRunnerWorker.java:52)\r\n\tat org.testng.SuiteRunnerWorker.run(SuiteRunnerWorker.java:95)\r\n\tat org.testng.TestNG.runSuitesSequentially(TestNG.java:1274)\r\n\tat org.testng.TestNG.runSuitesLocally(TestNG.java:1208)\r\n\tat org.testng.TestNG.runSuites(TestNG.java:1112)\r\n\tat org.testng.TestNG.run(TestNG.java:1079)\r\n\tat com.intellij.rt.testng.IDEARemoteTestNG.run(IDEARemoteTestNG.java:65)\r\n\tat com.intellij.rt.testng.RemoteTestNGStarter.main(RemoteTestNGStarter.java:105)\r\n","flaky":false,"newFailed":false,"newBroken":false,"newPassed":false,"retriesCount":13,"retriesStatusChange":false,"beforeStages":[{"name":"openABrowser","time":{"start":1742666789688,"stop":1742666799653,"duration":9965},"description":"","status":"passed","steps":[],"attachments":[],"parameters":[],"hasContent":false,"attachmentsCount":0,"shouldDisplayMessage":false,"stepsCount":0,"attachmentStep":false}],"afterStages":[{"name":"LogoutUser","time":{"start":1742666837473,"stop":1742666847535,"duration":10062},"description":"","status":"broken","statusMessage":"no such element: Unable to locate element: {\"method\":\"xpath\",\"selector\":\"//a[contains(text(),'লগআউট')]\"}\n  (Session info: chrome=134.0.6998.119)\nFor documentation on this error, please visit: https://www.selenium.dev/documentation/webdriver/troubleshooting/errors#no-such-element-exception\nBuild info: version: '4.29.0', revision: '5fc1ec94cb'\nSystem info: os.name: 'Windows 11', os.arch: 'amd64', os.version: '10.0', java.version: '23.0.1'\nDriver info: org.openqa.selenium.chrome.ChromeDriver\nCommand: [e738ac637bf55cda5884f88b8852ffaf, findElement {using=xpath, value=//a[contains(text(),'লগআউট')]}]\nCapabilities {acceptInsecureCerts: false, browserName: chrome, browserVersion: 134.0.6998.119, chrome: {chromedriverVersion: 134.0.6998.165 (fd886e2cb29..., userDataDir: C:\\Users\\User\\AppData\\Local...}, fedcm:accounts: true, goog:chromeOptions: {debuggerAddress: localhost:61253}, networkConnectionEnabled: false, pageLoadStrategy: normal, platformName: windows, proxy: Proxy(), se:cdp: ws://localhost:61253/devtoo..., se:cdpVersion: 134.0.6998.119, setWindowRect: true, strictFileInteractability: false, timeouts: {implicit: 0, pageLoad: 300000, script: 30000}, unhandledPromptBehavior: dismiss and notify, webauthn:extension:credBlob: true, webauthn:extension:largeBlob: true, webauthn:extension:minPinLength: true, webauthn:extension:prf: true, webauthn:virtualAuthenticators: true}\nSession ID: e738ac637bf55cda5884f88b8852ffaf","statusTrace":"org.openqa.selenium.NoSuchElementException: no such element: Unable to locate element: {\"method\":\"xpath\",\"selector\":\"//a[contains(text(),'লগআউট')]\"}\n  (Session info: chrome=134.0.6998.119)\nFor documentation on this error, please visit: https://www.selenium.dev/documentation/webdriver/troubleshooting/errors#no-such-element-exception\nBuild info: version: '4.29.0', revision: '5fc1ec94cb'\nSystem info: os.name: 'Windows 11', os.arch: 'amd64', os.version: '10.0', java.version: '23.0.1'\nDriver info: org.openqa.selenium.chrome.ChromeDriver\nCommand: [e738ac637bf55cda5884f88b8852ffaf, findElement {using=xpath, value=//a[contains(text(),'লগআউট')]}]\nCapabilities {acceptInsecureCerts: false, browserName: chrome, browserVersion: 134.0.6998.119, chrome: {chromedriverVersion: 134.0.6998.165 (fd886e2cb29..., userDataDir: C:\\Users\\User\\AppData\\Local...}, fedcm:accounts: true, goog:chromeOptions: {debuggerAddress: localhost:61253}, networkConnectionEnabled: false, pageLoadStrategy: normal, platformName: windows, proxy: Proxy(), se:cdp: ws://localhost:61253/devtoo..., se:cdpVersion: 134.0.6998.119, setWindowRect: true, strictFileInteractability: false, timeouts: {implicit: 0, pageLoad: 300000, script: 30000}, unhandledPromptBehavior: dismiss and notify, webauthn:extension:credBlob: true, webauthn:extension:largeBlob: true, webauthn:extension:minPinLength: true, webauthn:extension:prf: true, webauthn:virtualAuthenticators: true}\nSession ID: e738ac637bf55cda5884f88b8852ffaf\r\n\tat java.base/jdk.internal.reflect.DirectConstructorHandleAccessor.newInstance(DirectConstructorHandleAccessor.java:62)\r\n\tat java.base/java.lang.reflect.Constructor.newInstanceWithCaller(Constructor.java:501)\r\n\tat java.base/java.lang.reflect.Constructor.newInstance(Constructor.java:485)\r\n\tat org.openqa.selenium.remote.ErrorCodec.decode(ErrorCodec.java:167)\r\n\tat org.openqa.selenium.remote.codec.w3c.W3CHttpResponseCodec.decode(W3CHttpResponseCodec.java:138)\r\n\tat org.openqa.selenium.remote.codec.w3c.W3CHttpResponseCodec.decode(W3CHttpResponseCodec.java:50)\r\n\tat org.openqa.selenium.remote.HttpCommandExecutor.execute(HttpCommandExecutor.java:215)\r\n\tat org.openqa.selenium.remote.service.DriverCommandExecutor.invokeExecute(DriverCommandExecutor.java:216)\r\n\tat org.openqa.selenium.remote.service.DriverCommandExecutor.execute(DriverCommandExecutor.java:174)\r\n\tat org.openqa.selenium.remote.RemoteWebDriver.execute(RemoteWebDriver.java:545)\r\n\tat org.openqa.selenium.remote.ElementLocation$ElementFinder$2.findElement(ElementLocation.java:165)\r\n\tat org.openqa.selenium.remote.ElementLocation.findElement(ElementLocation.java:59)\r\n\tat org.openqa.selenium.remote.RemoteWebDriver.findElement(RemoteWebDriver.java:368)\r\n\tat org.openqa.selenium.remote.RemoteWebDriver.findElement(RemoteWebDriver.java:362)\r\n\tat pages.BasePage.getElement(BasePage.java:14)\r\n\tat testcases.TestAuthorPage.LogoutUser(TestAuthorPage.java:26)\r\n\tat java.base/jdk.internal.reflect.DirectMethodHandleAccessor.invoke(DirectMethodHandleAccessor.java:103)\r\n\tat java.base/java.lang.reflect.Method.invoke(Method.java:580)\r\n\tat org.testng.internal.invokers.MethodInvocationHelper.invokeMethod(MethodInvocationHelper.java:141)\r\n\tat org.testng.internal.invokers.MethodInvocationHelper.invokeMethodConsideringTimeout(MethodInvocationHelper.java:71)\r\n\tat org.testng.internal.invokers.ConfigInvoker.invokeConfigurationMethod(ConfigInvoker.java:400)\r\n\tat org.testng.internal.invokers.ConfigInvoker.invokeConfigurations(ConfigInvoker.java:333)\r\n\tat org.testng.internal.invokers.TestMethodWorker.invokeAfterClassConfigurations(TestMethodWorker.java:238)\r\n\tat org.testng.internal.invokers.TestMethodWorker.invokeAfterClassMethods(TestMethodWorker.java:223)\r\n\tat org.testng.internal.invokers.TestMethodWorker.run(TestMethodWorker.java:137)\r\n\tat java.base/java.util.ArrayList.forEach(ArrayList.java:1597)\r\n\tat org.testng.TestRunner.privateRun(TestRunner.java:741)\r\n\tat org.testng.TestRunner.run(TestRunner.java:616)\r\n\tat org.testng.SuiteRunner.runTest(SuiteRunner.java:421)\r\n\tat org.testng.SuiteRunner.runSequentially(SuiteRunner.java:413)\r\n\tat org.testng.SuiteRunner.privateRun(SuiteRunner.java:373)\r\n\tat org.testng.SuiteRunner.run(SuiteRunner.java:312)\r\n\tat org.testng.SuiteRunnerWorker.runSuite(SuiteRunnerWorker.java:52)\r\n\tat org.testng.SuiteRunnerWorker.run(SuiteRunnerWorker.java:95)\r\n\tat org.testng.TestNG.runSuitesSequentially(TestNG.java:1274)\r\n\tat org.testng.TestNG.runSuitesLocally(TestNG.java:1208)\r\n\tat org.testng.TestNG.runSuites(TestNG.java:1112)\r\n\tat org.testng.TestNG.run(TestNG.java:1079)\r\n\tat com.intellij.rt.testng.IDEARemoteTestNG.run(IDEARemoteTestNG.java:65)\r\n\tat com.intellij.rt.testng.RemoteTestNGStarter.main(RemoteTestNGStarter.java:105)\r\n","steps":[],"attachments":[],"parameters":[],"hasContent":true,"attachmentsCount":0,"shouldDisplayMessage":true,"stepsCount":0,"attachmentStep":false},{"name":"closeABrowser","time":{"start":1742666847733,"stop":1742666848642,"duration":909},"description":"","status":"passed","steps":[],"attachments":[],"parameters":[],"hasContent":false,"attachmentsCount":0,"shouldDisplayMessage":false,"stepsCount":0,"attachmentStep":false}],"labels":[{"name":"package","value":"testcases.TestAuthorPage"},{"name":"testClass","value":"testcases.TestAuthorPage"},{"name":"testMethod","value":"LogoutUser"},{"name":"parentSuite","value":"All Test Suite"},{"name":"suite","value":"F:/QA Project/Web Automation/WafiLifeBooksWebAutomation/src/test"},{"name":"subSuite","value":"testcases.TestAuthorPage"},{"name":"host","value":"DESKTOP-Pabon"},{"name":"thread","value":"10740@DESKTOP-Pabon.main(1)"},{"name":"framework","value":"testng"},{"name":"language","value":"java"},{"name":"AS_ID","value":"-1"},{"name":"resultFormat","value":"allure2"}],"parameters":[],"links":[],"hidden":false,"retry":false,"extra":{"severity":"normal","retries":[{"uid":"9aa0f355e67722ac","status":"broken","statusDetails":"no such element: Unable to locate element: {\"method\":\"xpath\",\"selector\":\"//a[contains(text(),'লগআউট')]\"}\n  (Session info: chrome=134.0.6998.119)\nFor documentation on this error, please visit: https://www.selenium.dev/documentation/webdriver/troubleshooting/errors#no-such-element-exception\nBuild info: version: '4.29.0', revision: '5fc1ec94cb'\nSystem info: os.name: 'Windows 11', os.arch: 'amd64', os.version: '10.0', java.version: '23.0.1'\nDriver info: org.openqa.selenium.chrome.ChromeDriver\nCommand: [50a4285e20e410fb445a9100ad581fb3, findElement {value=//a[contains(text(),'লগআউট')], using=xpath}]\nCapabilities {acceptInsecureCerts: false, browserName: chrome, browserVersion: 134.0.6998.119, chrome: {chromedriverVersion: 134.0.6998.165 (fd886e2cb29..., userDataDir: C:\\Users\\User\\AppData\\Local...}, fedcm:accounts: true, goog:chromeOptions: {debuggerAddress: localhost:60784}, networkConnectionEnabled: false, pageLoadStrategy: normal, platformName: windows, proxy: Proxy(), se:cdp: ws://localhost:60784/devtoo..., se:cdpVersion: 134.0.6998.119, setWindowRect: true, strictFileInteractability: false, timeouts: {implicit: 0, pageLoad: 300000, script: 30000}, unhandledPromptBehavior: dismiss and notify, webauthn:extension:credBlob: true, webauthn:extension:largeBlob: true, webauthn:extension:minPinLength: true, webauthn:extension:prf: true, webauthn:virtualAuthenticators: true}\nSession ID: 50a4285e20e410fb445a9100ad581fb3","time":{"start":1742666061960,"stop":1742666061969,"duration":9}},{"uid":"577dded4ef3e08f2","status":"broken","statusDetails":"no such element: Unable to locate element: {\"method\":\"xpath\",\"selector\":\"//a[contains(text(),'লগআউট')]\"}\n  (Session info: chrome=134.0.6998.119)\nFor documentation on this error, please visit: https://www.selenium.dev/documentation/webdriver/troubleshooting/errors#no-such-element-exception\nBuild info: version: '4.29.0', revision: '5fc1ec94cb'\nSystem info: os.name: 'Windows 11', os.arch: 'amd64', os.version: '10.0', java.version: '23.0.1'\nDriver info: org.openqa.selenium.chrome.ChromeDriver\nCommand: [bf92f2f9a82f8c024782fe5f87b4810f, findElement {value=//a[contains(text(),'লগআউট')], using=xpath}]\nCapabilities {acceptInsecureCerts: false, browserName: chrome, browserVersion: 134.0.6998.119, chrome: {chromedriverVersion: 134.0.6998.165 (fd886e2cb29..., userDataDir: C:\\Users\\User\\AppData\\Local...}, fedcm:accounts: true, goog:chromeOptions: {debuggerAddress: localhost:60691}, networkConnectionEnabled: false, pageLoadStrategy: normal, platformName: windows, proxy: Proxy(), se:cdp: ws://localhost:60691/devtoo..., se:cdpVersion: 134.0.6998.119, setWindowRect: true, strictFileInteractability: false, timeouts: {implicit: 0, pageLoad: 300000, script: 30000}, unhandledPromptBehavior: dismiss and notify, webauthn:extension:credBlob: true, webauthn:extension:largeBlob: true, webauthn:extension:minPinLength: true, webauthn:extension:prf: true, webauthn:virtualAuthenticators: true}\nSession ID: bf92f2f9a82f8c024782fe5f87b4810f","time":{"start":1742665973417,"stop":1742665973417,"duration":0}},{"uid":"a65be12b860436c8","status":"broken","statusDetails":"no such element: Unable to locate element: {\"method\":\"xpath\",\"selector\":\"//a[contains(text(),'লগআউট')]\"}\n  (Session info: chrome=134.0.6998.119)\nFor documentation on this error, please visit: https://www.selenium.dev/documentation/webdriver/troubleshooting/errors#no-such-element-exception\nBuild info: version: '4.29.0', revision: '5fc1ec94cb'\nSystem info: os.name: 'Windows 11', os.arch: 'amd64', os.version: '10.0', java.version: '23.0.1'\nDriver info: org.openqa.selenium.chrome.ChromeDriver\nCommand: [013a83c97af02c3b36f3646d28d21dd7, findElement {using=xpath, value=//a[contains(text(),'লগআউট')]}]\nCapabilities {acceptInsecureCerts: false, browserName: chrome, browserVersion: 134.0.6998.119, chrome: {chromedriverVersion: 134.0.6998.165 (fd886e2cb29..., userDataDir: C:\\Users\\User\\AppData\\Local...}, fedcm:accounts: true, goog:chromeOptions: {debuggerAddress: localhost:60536}, networkConnectionEnabled: false, pageLoadStrategy: normal, platformName: windows, proxy: Proxy(), se:cdp: ws://localhost:60536/devtoo..., se:cdpVersion: 134.0.6998.119, setWindowRect: true, strictFileInteractability: false, timeouts: {implicit: 0, pageLoad: 300000, script: 30000}, unhandledPromptBehavior: dismiss and notify, webauthn:extension:credBlob: true, webauthn:extension:largeBlob: true, webauthn:extension:minPinLength: true, webauthn:extension:prf: true, webauthn:virtualAuthenticators: true}\nSession ID: 013a83c97af02c3b36f3646d28d21dd7","time":{"start":1742665771414,"stop":1742665771415,"duration":1}},{"uid":"95b03ae656079fd8","status":"broken","statusDetails":"no such element: Unable to locate element: {\"method\":\"xpath\",\"selector\":\"//a[contains(text(),'লগআউট')]\"}\n  (Session info: chrome=134.0.6998.119)\nFor documentation on this error, please visit: https://www.selenium.dev/documentation/webdriver/troubleshooting/errors#no-such-element-exception\nBuild info: version: '4.29.0', revision: '5fc1ec94cb'\nSystem info: os.name: 'Windows 11', os.arch: 'amd64', os.version: '10.0', java.version: '23.0.1'\nDriver info: org.openqa.selenium.chrome.ChromeDriver\nCommand: [839763de6079e8ab3bb49d7cd98e4941, findElement {using=xpath, value=//a[contains(text(),'লগআউট')]}]\nCapabilities {acceptInsecureCerts: false, browserName: chrome, browserVersion: 134.0.6998.119, chrome: {chromedriverVersion: 134.0.6998.165 (fd886e2cb29..., userDataDir: C:\\Users\\User\\AppData\\Local...}, fedcm:accounts: true, goog:chromeOptions: {debuggerAddress: localhost:60351}, networkConnectionEnabled: false, pageLoadStrategy: normal, platformName: windows, proxy: Proxy(), se:cdp: ws://localhost:60351/devtoo..., se:cdpVersion: 134.0.6998.119, setWindowRect: true, strictFileInteractability: false, timeouts: {implicit: 0, pageLoad: 300000, script: 30000}, unhandledPromptBehavior: dismiss and notify, webauthn:extension:credBlob: true, webauthn:extension:largeBlob: true, webauthn:extension:minPinLength: true, webauthn:extension:prf: true, webauthn:virtualAuthenticators: true}\nSession ID: 839763de6079e8ab3bb49d7cd98e4941","time":{"start":1742665532043,"stop":1742665532047,"duration":4}},{"uid":"18378da11ca515c","status":"broken","statusDetails":"no such element: Unable to locate element: {\"method\":\"xpath\",\"selector\":\"//a[contains(text(),'লগআউট')]\"}\n  (Session info: chrome=134.0.6998.119)\nFor documentation on this error, please visit: https://www.selenium.dev/documentation/webdriver/troubleshooting/errors#no-such-element-exception\nBuild info: version: '4.29.0', revision: '5fc1ec94cb'\nSystem info: os.name: 'Windows 11', os.arch: 'amd64', os.version: '10.0', java.version: '23.0.1'\nDriver info: org.openqa.selenium.chrome.ChromeDriver\nCommand: [007bb265a7cc0a19c8567eb6c3d6328c, findElement {value=//a[contains(text(),'লগআউট')], using=xpath}]\nCapabilities {acceptInsecureCerts: false, browserName: chrome, browserVersion: 134.0.6998.119, chrome: {chromedriverVersion: 134.0.6998.165 (fd886e2cb29..., userDataDir: C:\\Users\\User\\AppData\\Local...}, fedcm:accounts: true, goog:chromeOptions: {debuggerAddress: localhost:60206}, networkConnectionEnabled: false, pageLoadStrategy: normal, platformName: windows, proxy: Proxy(), se:cdp: ws://localhost:60206/devtoo..., se:cdpVersion: 134.0.6998.119, setWindowRect: true, strictFileInteractability: false, timeouts: {implicit: 0, pageLoad: 300000, script: 30000}, unhandledPromptBehavior: dismiss and notify, webauthn:extension:credBlob: true, webauthn:extension:largeBlob: true, webauthn:extension:minPinLength: true, webauthn:extension:prf: true, webauthn:virtualAuthenticators: true}\nSession ID: 007bb265a7cc0a19c8567eb6c3d6328c","time":{"start":1742665393941,"stop":1742665393941,"duration":0}},{"uid":"edc73cc8b108ef93","status":"broken","statusDetails":"no such element: Unable to locate element: {\"method\":\"xpath\",\"selector\":\"//a[contains(text(),'লগআউট')]\"}\n  (Session info: chrome=134.0.6998.119)\nFor documentation on this error, please visit: https://www.selenium.dev/documentation/webdriver/troubleshooting/errors#no-such-element-exception\nBuild info: version: '4.29.0', revision: '5fc1ec94cb'\nSystem info: os.name: 'Windows 11', os.arch: 'amd64', os.version: '10.0', java.version: '23.0.1'\nDriver info: org.openqa.selenium.chrome.ChromeDriver\nCommand: [c1f10af510473dd06207f85b8267b5b9, findElement {using=xpath, value=//a[contains(text(),'লগআউট')]}]\nCapabilities {acceptInsecureCerts: false, browserName: chrome, browserVersion: 134.0.6998.119, chrome: {chromedriverVersion: 134.0.6998.165 (fd886e2cb29..., userDataDir: C:\\Users\\User\\AppData\\Local...}, fedcm:accounts: true, goog:chromeOptions: {debuggerAddress: localhost:59869}, networkConnectionEnabled: false, pageLoadStrategy: normal, platformName: windows, proxy: Proxy(), se:cdp: ws://localhost:59869/devtoo..., se:cdpVersion: 134.0.6998.119, setWindowRect: true, strictFileInteractability: false, timeouts: {implicit: 0, pageLoad: 300000, script: 30000}, unhandledPromptBehavior: dismiss and notify, webauthn:extension:credBlob: true, webauthn:extension:largeBlob: true, webauthn:extension:minPinLength: true, webauthn:extension:prf: true, webauthn:virtualAuthenticators: true}\nSession ID: c1f10af510473dd06207f85b8267b5b9","time":{"start":1742664826393,"stop":1742664826393,"duration":0}},{"uid":"c62bdf7a470c00d6","status":"broken","statusDetails":"element not interactable\n  (Session info: chrome=134.0.6998.119)\nBuild info: version: '4.29.0', revision: '5fc1ec94cb'\nSystem info: os.name: 'Windows 11', os.arch: 'amd64', os.version: '10.0', java.version: '23.0.1'\nDriver info: org.openqa.selenium.chrome.ChromeDriver\nCommand: [0249d55481bc8b51f8ec6a7269824866, clickElement {id=f.4BECE2AFF616EECE20EE0EBE0BD90151.d.AB3C73A23BB5AA6E559CCDB3E27DD507.e.731}]\nCapabilities {acceptInsecureCerts: false, browserName: chrome, browserVersion: 134.0.6998.119, chrome: {chromedriverVersion: 134.0.6998.165 (fd886e2cb29..., userDataDir: C:\\Users\\User\\AppData\\Local...}, fedcm:accounts: true, goog:chromeOptions: {debuggerAddress: localhost:59449}, networkConnectionEnabled: false, pageLoadStrategy: normal, platformName: windows, proxy: Proxy(), se:cdp: ws://localhost:59449/devtoo..., se:cdpVersion: 134.0.6998.119, setWindowRect: true, strictFileInteractability: false, timeouts: {implicit: 0, pageLoad: 300000, script: 30000}, unhandledPromptBehavior: dismiss and notify, webauthn:extension:credBlob: true, webauthn:extension:largeBlob: true, webauthn:extension:minPinLength: true, webauthn:extension:prf: true, webauthn:virtualAuthenticators: true}\nElement: [[ChromeDriver: chrome on windows (0249d55481bc8b51f8ec6a7269824866)] -> xpath: //div[@class='login-links']//a[@title='আমার অ্যাকাউন্ট'][contains(text(),'আমার অ্যাকাউন্ট')]]\nSession ID: 0249d55481bc8b51f8ec6a7269824866","time":{"start":1742663660901,"stop":1742663660905,"duration":4}},{"uid":"538836d5f151246c","status":"broken","statusDetails":"element click intercepted: Element <a style=\"width:88px;display:inline-block;text-align:left;\" href=\"https://www.wafilife.com/my-account\" title=\"আমার অ্যাকাউন্ট\">...</a> is not clickable at point (1300, 49). Other element would receive the click: <div id=\"extra-add-product-popup\" class=\"modal fade in\" tabindex=\"-1\" role=\"dialog\" aria-hidden=\"false\" style=\"display: block;\">...</div>\n  (Session info: chrome=134.0.6998.119)\nBuild info: version: '4.29.0', revision: '5fc1ec94cb'\nSystem info: os.name: 'Windows 11', os.arch: 'amd64', os.version: '10.0', java.version: '23.0.1'\nDriver info: org.openqa.selenium.chrome.ChromeDriver\nCommand: [f94b0fdbfe103ddc4ae48b4df8a812f3, clickElement {id=f.D99000399FCC17B9B9BB1737193AB9DF.d.D149194E8B10E95B9ED874350DDAAC67.e.521}]\nCapabilities {acceptInsecureCerts: false, browserName: chrome, browserVersion: 134.0.6998.119, chrome: {chromedriverVersion: 134.0.6998.165 (fd886e2cb29..., userDataDir: C:\\Users\\User\\AppData\\Local...}, fedcm:accounts: true, goog:chromeOptions: {debuggerAddress: localhost:58294}, networkConnectionEnabled: false, pageLoadStrategy: normal, platformName: windows, proxy: Proxy(), se:cdp: ws://localhost:58294/devtoo..., se:cdpVersion: 134.0.6998.119, setWindowRect: true, strictFileInteractability: false, timeouts: {implicit: 0, pageLoad: 300000, script: 30000}, unhandledPromptBehavior: dismiss and notify, webauthn:extension:credBlob: true, webauthn:extension:largeBlob: true, webauthn:extension:minPinLength: true, webauthn:extension:prf: true, webauthn:virtualAuthenticators: true}\nElement: [[ChromeDriver: chrome on windows (f94b0fdbfe103ddc4ae48b4df8a812f3)] -> xpath: //div[@class='login-links']//a[@title='আমার অ্যাকাউন্ট'][contains(text(),'আমার অ্যাকাউন্ট')]]\nSession ID: f94b0fdbfe103ddc4ae48b4df8a812f3","time":{"start":1742662413269,"stop":1742662413269,"duration":0}},{"uid":"8561d12b019c9c60","status":"broken","statusDetails":"element click intercepted: Element <a style=\"width:88px;display:inline-block;text-align:left;\" href=\"https://www.wafilife.com/my-account\" title=\"আমার অ্যাকাউন্ট\">...</a> is not clickable at point (1300, 49). Other element would receive the click: <div id=\"extra-add-product-popup\" class=\"modal fade in\" tabindex=\"-1\" role=\"dialog\" aria-hidden=\"false\" style=\"display: block;\">...</div>\n  (Session info: chrome=134.0.6998.119)\nBuild info: version: '4.29.0', revision: '5fc1ec94cb'\nSystem info: os.name: 'Windows 11', os.arch: 'amd64', os.version: '10.0', java.version: '23.0.1'\nDriver info: org.openqa.selenium.chrome.ChromeDriver\nCommand: [04abe937a1df27def76c47aa569b3be8, clickElement {id=f.1BE5A9D6AD07F55180F02BC3FE509BB6.d.270CBE313D8031BFC64176B821F0FBEC.e.491}]\nCapabilities {acceptInsecureCerts: false, browserName: chrome, browserVersion: 134.0.6998.119, chrome: {chromedriverVersion: 134.0.6998.165 (fd886e2cb29..., userDataDir: C:\\Users\\User\\AppData\\Local...}, fedcm:accounts: true, goog:chromeOptions: {debuggerAddress: localhost:57697}, networkConnectionEnabled: false, pageLoadStrategy: normal, platformName: windows, proxy: Proxy(), se:cdp: ws://localhost:57697/devtoo..., se:cdpVersion: 134.0.6998.119, setWindowRect: true, strictFileInteractability: false, timeouts: {implicit: 0, pageLoad: 300000, script: 30000}, unhandledPromptBehavior: dismiss and notify, webauthn:extension:credBlob: true, webauthn:extension:largeBlob: true, webauthn:extension:minPinLength: true, webauthn:extension:prf: true, webauthn:virtualAuthenticators: true}\nElement: [[ChromeDriver: chrome on windows (04abe937a1df27def76c47aa569b3be8)] -> xpath: //div[@class='login-links']//a[@title='আমার অ্যাকাউন্ট'][contains(text(),'আমার অ্যাকাউন্ট')]]\nSession ID: 04abe937a1df27def76c47aa569b3be8","time":{"start":1742661527327,"stop":1742661527330,"duration":3}},{"uid":"53c060620d8b5469","status":"broken","statusDetails":"element click intercepted: Element <a style=\"width:88px;display:inline-block;text-align:left;\" href=\"https://www.wafilife.com/my-account\" title=\"আমার অ্যাকাউন্ট\">...</a> is not clickable at point (1300, 49). Other element would receive the click: <div id=\"extra-add-product-popup\" class=\"modal fade in\" tabindex=\"-1\" role=\"dialog\" aria-hidden=\"false\" style=\"display: block;\">...</div>\n  (Session info: chrome=134.0.6998.119)\nBuild info: version: '4.29.0', revision: '5fc1ec94cb'\nSystem info: os.name: 'Windows 11', os.arch: 'amd64', os.version: '10.0', java.version: '23.0.1'\nDriver info: org.openqa.selenium.chrome.ChromeDriver\nCommand: [d8858db1b4a48c3bb666b524c7bc6ea3, clickElement {id=f.E44A9CBAFC9EE3391E17653898B8DE0B.d.86EDCA7E97B76039C7DFB925F2480391.e.485}]\nCapabilities {acceptInsecureCerts: false, browserName: chrome, browserVersion: 134.0.6998.119, chrome: {chromedriverVersion: 134.0.6998.165 (fd886e2cb29..., userDataDir: C:\\Users\\User\\AppData\\Local...}, fedcm:accounts: true, goog:chromeOptions: {debuggerAddress: localhost:57613}, networkConnectionEnabled: false, pageLoadStrategy: normal, platformName: windows, proxy: Proxy(), se:cdp: ws://localhost:57613/devtoo..., se:cdpVersion: 134.0.6998.119, setWindowRect: true, strictFileInteractability: false, timeouts: {implicit: 0, pageLoad: 300000, script: 30000}, unhandledPromptBehavior: dismiss and notify, webauthn:extension:credBlob: true, webauthn:extension:largeBlob: true, webauthn:extension:minPinLength: true, webauthn:extension:prf: true, webauthn:virtualAuthenticators: true}\nElement: [[ChromeDriver: chrome on windows (d8858db1b4a48c3bb666b524c7bc6ea3)] -> xpath: //div[@class='login-links']//a[@title='আমার অ্যাকাউন্ট'][contains(text(),'আমার অ্যাকাউন্ট')]]\nSession ID: d8858db1b4a48c3bb666b524c7bc6ea3","time":{"start":1742661433728,"stop":1742661433728,"duration":0}},{"uid":"f5e42d4edfb4fcd5","status":"broken","statusDetails":"no such element: Unable to locate element: {\"method\":\"xpath\",\"selector\":\"//a[contains(text(),'লগআউট')]\"}\n  (Session info: chrome=134.0.6998.119)\nFor documentation on this error, please visit: https://www.selenium.dev/documentation/webdriver/troubleshooting/errors#no-such-element-exception\nBuild info: version: '4.29.0', revision: '5fc1ec94cb'\nSystem info: os.name: 'Windows 11', os.arch: 'amd64', os.version: '10.0', java.version: '23.0.1'\nDriver info: org.openqa.selenium.chrome.ChromeDriver\nCommand: [5f5681833cc01552be2a50e94a8880ac, findElement {using=xpath, value=//a[contains(text(),'লগআউট')]}]\nCapabilities {acceptInsecureCerts: false, browserName: chrome, browserVersion: 134.0.6998.119, chrome: {chromedriverVersion: 134.0.6998.165 (fd886e2cb29..., userDataDir: C:\\Users\\User\\AppData\\Local...}, fedcm:accounts: true, goog:chromeOptions: {debuggerAddress: localhost:52916}, networkConnectionEnabled: false, pageLoadStrategy: normal, platformName: windows, proxy: Proxy(), se:cdp: ws://localhost:52916/devtoo..., se:cdpVersion: 134.0.6998.119, setWindowRect: true, strictFileInteractability: false, timeouts: {implicit: 0, pageLoad: 300000, script: 30000}, unhandledPromptBehavior: dismiss and notify, webauthn:extension:credBlob: true, webauthn:extension:largeBlob: true, webauthn:extension:minPinLength: true, webauthn:extension:prf: true, webauthn:virtualAuthenticators: true}\nSession ID: 5f5681833cc01552be2a50e94a8880ac","time":{"start":1742658372486,"stop":1742658372492,"duration":6}},{"uid":"65c037881848432d","status":"broken","statusDetails":"no such element: Unable to locate element: {\"method\":\"xpath\",\"selector\":\"//a[contains(text(),'লগআউট')]\"}\n  (Session info: chrome=134.0.6998.119)\nFor documentation on this error, please visit: https://www.selenium.dev/documentation/webdriver/troubleshooting/errors#no-such-element-exception\nBuild info: version: '4.29.0', revision: '5fc1ec94cb'\nSystem info: os.name: 'Windows 11', os.arch: 'amd64', os.version: '10.0', java.version: '23.0.1'\nDriver info: org.openqa.selenium.chrome.ChromeDriver\nCommand: [bd36d6a6544375eeabb3f3079a676c01, findElement {using=xpath, value=//a[contains(text(),'লগআউট')]}]\nCapabilities {acceptInsecureCerts: false, browserName: chrome, browserVersion: 134.0.6998.119, chrome: {chromedriverVersion: 134.0.6998.165 (fd886e2cb29..., userDataDir: C:\\Users\\User\\AppData\\Local...}, fedcm:accounts: true, goog:chromeOptions: {debuggerAddress: localhost:52823}, networkConnectionEnabled: false, pageLoadStrategy: normal, platformName: windows, proxy: Proxy(), se:cdp: ws://localhost:52823/devtoo..., se:cdpVersion: 134.0.6998.119, setWindowRect: true, strictFileInteractability: false, timeouts: {implicit: 0, pageLoad: 300000, script: 30000}, unhandledPromptBehavior: dismiss and notify, webauthn:extension:credBlob: true, webauthn:extension:largeBlob: true, webauthn:extension:minPinLength: true, webauthn:extension:prf: true, webauthn:virtualAuthenticators: true}\nSession ID: bd36d6a6544375eeabb3f3079a676c01","time":{"start":1742658285473,"stop":1742658285483,"duration":10}},{"uid":"319416e20dcb70d8","status":"broken","statusDetails":"no such element: Unable to locate element: {\"method\":\"xpath\",\"selector\":\"//a[contains(text(),'লগআউট')]\"}\n  (Session info: chrome=134.0.6998.119)\nFor documentation on this error, please visit: https://www.selenium.dev/documentation/webdriver/troubleshooting/errors#no-such-element-exception\nBuild info: version: '4.29.0', revision: '5fc1ec94cb'\nSystem info: os.name: 'Windows 11', os.arch: 'amd64', os.version: '10.0', java.version: '23.0.1'\nDriver info: org.openqa.selenium.chrome.ChromeDriver\nCommand: [7e3b0494c90d5831ac471ba482c6abbd, findElement {value=//a[contains(text(),'লগআউট')], using=xpath}]\nCapabilities {acceptInsecureCerts: false, browserName: chrome, browserVersion: 134.0.6998.119, chrome: {chromedriverVersion: 134.0.6998.165 (fd886e2cb29..., userDataDir: C:\\Users\\User\\AppData\\Local...}, fedcm:accounts: true, goog:chromeOptions: {debuggerAddress: localhost:61733}, networkConnectionEnabled: false, pageLoadStrategy: normal, platformName: windows, proxy: Proxy(), se:cdp: ws://localhost:61733/devtoo..., se:cdpVersion: 134.0.6998.119, setWindowRect: true, strictFileInteractability: false, timeouts: {implicit: 0, pageLoad: 300000, script: 30000}, unhandledPromptBehavior: dismiss and notify, webauthn:extension:credBlob: true, webauthn:extension:largeBlob: true, webauthn:extension:minPinLength: true, webauthn:extension:prf: true, webauthn:virtualAuthenticators: true}\nSession ID: 7e3b0494c90d5831ac471ba482c6abbd","time":{"start":1742656342951,"stop":1742656342955,"duration":4}}],"categories":[{"name":"Test defects","matchedStatuses":[]}],"tags":[]},"source":"1929a0ba91afbfc2.json","parameterValues":[]}